<?xml version="1.0" encoding="UTF-8"?>
<!-- Generated by org.testng.reporters.JUnitReportReporter -->
<testsuite hostname="Thirosh" failures="0" tests="1" name="o_pack.TestSix" time="0.001" errors="0" timestamp="2024-02-18T13:09:39 IST" skipped="0">
  <testcase classname="o_pack.TestSix" name="testSix" time="0.001"/>
</testsuite> <!-- o_pack.TestSix -->
