<?xml version="1.0" encoding="UTF-8"?>
<!-- Generated by org.testng.reporters.JUnitReportReporter -->
<testsuite hostname="Thirosh" failures="0" tests="1" name="o_pack.TestFive" time="0.007" errors="0" timestamp="2024-02-18T13:09:39 IST" skipped="0">
  <testcase classname="o_pack.TestFive" name="testFive" time="0.007"/>
</testsuite> <!-- o_pack.TestFive -->
