<?xml version="1.0" encoding="UTF-8"?>
<!-- Generated by org.testng.reporters.JUnitReportReporter -->
<testsuite hostname="Thirosh" failures="0" tests="4" name="k_pack.TestEight" time="0.007" errors="0" timestamp="2024-02-18T13:09:39 IST" skipped="0">
  <testcase classname="k_pack.TestEight" name="testEight1" time="0.002"/>
  <testcase classname="k_pack.TestEight" name="testEight2" time="0.002"/>
  <testcase classname="k_pack.TestEight" name="testEight3" time="0.002"/>
  <testcase classname="k_pack.TestEight" name="testEight4" time="0.001"/>
</testsuite> <!-- k_pack.TestEight -->
