<?xml version="1.0" encoding="UTF-8"?>
<!-- Generated by org.testng.reporters.JUnitReportReporter -->
<testsuite hostname="Thirosh" failures="0" tests="1" name="t_pack.TestThree" time="0.001" errors="0" timestamp="2024-02-18T13:09:39 IST" skipped="0">
  <testcase classname="t_pack.TestThree" name="testThree" time="0.001"/>
</testsuite> <!-- t_pack.TestThree -->
